
2021-4-17 14:01:26

Operating System
  Name                        = Fedora
  Version                     = 33
  Architecture                = 64bit
  # CPUs                      = 12
  Memory                      = 16379432960

Node.js
  Node.js Version             = 12.19.0
  npm Version                 = 6.14.8

Titanium CLI
  CLI Version                 = 5.3.0

Titanium SDK
  SDK Version                 = 9.3.2.GA
  SDK Path                    = /home/miga/.titanium/mobilesdk/linux/9.3.2.GA
  Target Platform             = android

Command
  /usr/local/bin/node /usr/local/bin/ti build -p android --build-only

[INFO]   Assets Dir: /home/miga/dev/ti.etracker/assets
[INFO]   Documentation Dir: /home/miga/dev/ti.etracker/documentation
[INFO]   Example Dir: /home/miga/dev/ti.etracker/example
[INFO]   Platform Dir: /home/miga/dev/ti.etracker/android/platform
[INFO]   Resources Dir: /home/miga/dev/ti.etracker/android/Resources
[INFO]   Generating root project files
[INFO]   Generating gradle project: module
[INFO]   Building module
[INFO]   [GRADLE] 
[INFO]   [GRADLE] > Configure project :module
[INFO]   [GRADLE] WARNING: NDK was located by using ndk.dir property. This method is deprecated and will be removed in a future release. Please use android.ndkVersion or android.ndkPath in build.gradle to specify the NDK to use. https://developer.android.com/r/studio-ui/ndk-dir
[INFO]   [GRADLE] NDK was located by using ndk.dir property. This method is deprecated and will be removed in a future release. Please use android.ndkVersion or android.ndkPath in build.gradle to specify the NDK to use. https://developer.android.com/r/studio-ui/ndk-dir
[INFO]   [GRADLE] Adding a Configuration as a dependency is a confusing behavior which isn't recommended. This behaviour has been deprecated and is scheduled to be removed in Gradle 8.0. If you're interested in inheriting the dependencies from the Configuration you are adding, you should use Configuration#extendsFrom instead. See https://docs.gradle.org/6.7/dsl/org.gradle.api.artifacts.Configuration.html#org.gradle.api.artifacts.Configuration:extendsFrom(org.gradle.api.artifacts.Configuration[]) for more details.
[INFO]   [GRADLE] 
[INFO]   [GRADLE] > Task :module:preBuild
[INFO]   [GRADLE] > Task :module:preReleaseBuild
[INFO]   [GRADLE] > Task :module:compileReleaseAidl NO-SOURCE
[INFO]   [GRADLE] > Task :module:compileReleaseRenderscript NO-SOURCE
[INFO]   [GRADLE] > Task :module:generateReleaseBuildConfig UP-TO-DATE
[INFO]   [GRADLE] > Task :module:generateReleaseResValues UP-TO-DATE
[INFO]   [GRADLE] > Task :module:generateReleaseResources UP-TO-DATE
[INFO]   [GRADLE] > Task :module:packageReleaseResources UP-TO-DATE
[INFO]   [GRADLE] > Task :module:parseReleaseLocalResources UP-TO-DATE
[INFO]   [GRADLE] > Task :module:processReleaseManifest UP-TO-DATE
[INFO]   [GRADLE] > Task :module:generateReleaseRFile UP-TO-DATE
[INFO]   [GRADLE] > Task :module:kaptGenerateStubsReleaseKotlin
[INFO]   [GRADLE] > Task :module:javaPreCompileRelease UP-TO-DATE
[INFO]   [GRADLE] > Task :module:generateJsonModelRelease
[INFO]   [GRADLE] > Task :module:mergeReleaseJniLibFolders UP-TO-DATE
[INFO]   [GRADLE] > Task :module:mergeReleaseShaders UP-TO-DATE
[INFO]   [GRADLE] > Task :module:compileReleaseShaders NO-SOURCE
[INFO]   [GRADLE] > Task :module:generateReleaseAssets UP-TO-DATE
[INFO]   [GRADLE] > Task :module:packageReleaseAssets UP-TO-DATE
[INFO]   [GRADLE] > Task :module:packageReleaseRenderscript NO-SOURCE
[INFO]   [GRADLE] > Task :module:prepareLintJarForPublish UP-TO-DATE
[INFO]   [GRADLE] > Task :module:processReleaseJavaRes NO-SOURCE
[INFO]   [GRADLE] > Task :module:writeReleaseAarMetadata UP-TO-DATE
[INFO]   [GRADLE] > Task :module:mergeReleaseResources UP-TO-DATE
[INFO]   [GRADLE] > Task :module:verifyReleaseResources UP-TO-DATE
[INFO]   [GRADLE] 
[INFO]   [GRADLE] > Task :module:kaptReleaseKotlin
[INFO]   [GRADLE] [KrollBindingGen] Running Kroll binding generator.
[INFO]   [GRADLE] [KrollBindingGen] Found binding for proxy Example
[INFO]   [GRADLE] [KrollBindingGen] Found binding for module TiEtracker
[INFO]   [GRADLE] 
[INFO]   [GRADLE] > Task :module:compileReleaseKotlin
[INFO]   [GRADLE] 
[INFO]   [GRADLE] > Task :module:compileReleaseJavaWithJavac
[INFO]   [GRADLE] Running Titanium "generate-cpp-files.js" script.
[INFO]   [GRADLE] 
[INFO]   [GRADLE] > Task :module:externalNativeBuildRelease
[INFO]   [GRADLE] Build ti.etracker_armeabi-v7a
[INFO]   [GRADLE] Android NDK: WARNING:/home/miga/dev/ti.etracker/android/build/module/src/main/jni/Android.mk:ti.etracker: non-system libraries in linker flags: -lkroll-v8    
[INFO]   [GRADLE] Android NDK:     This is likely to result in incorrect builds. Try using LOCAL_STATIC_LIBRARIES    
[INFO]   [GRADLE] Android NDK:     or LOCAL_SHARED_LIBRARIES instead to list the library dependencies of the    
[INFO]   [GRADLE] Android NDK:     current module    
[INFO]   [GRADLE] [armeabi-v7a] Compile++ thumb: ti.etracker <= ti.etracker.ExampleProxy.cpp
[INFO]   [GRADLE] [armeabi-v7a] Compile++ thumb: ti.etracker <= ti.etracker.TiEtrackerModule.cpp
[INFO]   [GRADLE] [armeabi-v7a] Compile++ thumb: ti.etracker <= TiModuleBootstrap.cpp
[INFO]   [GRADLE] [armeabi-v7a] Prebuilt       : libc++_shared.so <= <NDK>/sources/cxx-stl/llvm-libc++/libs/armeabi-v7a/
[INFO]   [GRADLE] [armeabi-v7a] SharedLibrary  : libti.etracker.so
[INFO]   [GRADLE] Build ti.etracker_arm64-v8a
[INFO]   [GRADLE] Android NDK: WARNING:/home/miga/dev/ti.etracker/android/build/module/src/main/jni/Android.mk:ti.etracker: non-system libraries in linker flags: -lkroll-v8    
[INFO]   [GRADLE] Android NDK:     This is likely to result in incorrect builds. Try using LOCAL_STATIC_LIBRARIES    
[INFO]   [GRADLE] Android NDK:     or LOCAL_SHARED_LIBRARIES instead to list the library dependencies of the    
[INFO]   [GRADLE] Android NDK:     current module    
[INFO]   [GRADLE] [arm64-v8a] Compile++      : ti.etracker <= ti.etracker.ExampleProxy.cpp
[INFO]   [GRADLE] [arm64-v8a] Compile++      : ti.etracker <= ti.etracker.TiEtrackerModule.cpp
[INFO]   [GRADLE] [arm64-v8a] Compile++      : ti.etracker <= TiModuleBootstrap.cpp
[INFO]   [GRADLE] [arm64-v8a] Prebuilt       : libc++_shared.so <= <NDK>/sources/cxx-stl/llvm-libc++/libs/arm64-v8a/
[INFO]   [GRADLE] [arm64-v8a] SharedLibrary  : libti.etracker.so
[INFO]   [GRADLE] Build ti.etracker_x86
[INFO]   [GRADLE] Android NDK: WARNING:/home/miga/dev/ti.etracker/android/build/module/src/main/jni/Android.mk:ti.etracker: non-system libraries in linker flags: -lkroll-v8    
[INFO]   [GRADLE] Android NDK:     This is likely to result in incorrect builds. Try using LOCAL_STATIC_LIBRARIES    
[INFO]   [GRADLE] Android NDK:     or LOCAL_SHARED_LIBRARIES instead to list the library dependencies of the    
[INFO]   [GRADLE] Android NDK:     current module    
[INFO]   [GRADLE] [x86] Compile++      : ti.etracker <= ti.etracker.ExampleProxy.cpp
[INFO]   [GRADLE] [x86] Compile++      : ti.etracker <= ti.etracker.TiEtrackerModule.cpp
[INFO]   [GRADLE] [x86] Compile++      : ti.etracker <= TiModuleBootstrap.cpp
[INFO]   [GRADLE] [x86] Prebuilt       : libc++_shared.so <= <NDK>/sources/cxx-stl/llvm-libc++/libs/x86/
[INFO]   [GRADLE] [x86] SharedLibrary  : libti.etracker.so
[INFO]   [GRADLE] Build ti.etracker_x86_64
[INFO]   [GRADLE] Android NDK: WARNING:/home/miga/dev/ti.etracker/android/build/module/src/main/jni/Android.mk:ti.etracker: non-system libraries in linker flags: -lkroll-v8    
[INFO]   [GRADLE] Android NDK:     This is likely to result in incorrect builds. Try using LOCAL_STATIC_LIBRARIES    
[INFO]   [GRADLE] Android NDK:     or LOCAL_SHARED_LIBRARIES instead to list the library dependencies of the    
[INFO]   [GRADLE] Android NDK:     current module    
[INFO]   [GRADLE] [x86_64] Compile++      : ti.etracker <= ti.etracker.ExampleProxy.cpp
[INFO]   [GRADLE] [x86_64] Compile++      : ti.etracker <= ti.etracker.TiEtrackerModule.cpp
[INFO]   [GRADLE] [x86_64] Compile++      : ti.etracker <= TiModuleBootstrap.cpp
[INFO]   [GRADLE] [x86_64] Prebuilt       : libc++_shared.so <= <NDK>/sources/cxx-stl/llvm-libc++/libs/x86_64/
[INFO]   [GRADLE] [x86_64] SharedLibrary  : libti.etracker.so
[INFO]   [GRADLE] 
[INFO]   [GRADLE] > Task :module:mergeReleaseNativeLibs UP-TO-DATE
[INFO]   [GRADLE] > Task :module:stripReleaseDebugSymbols UP-TO-DATE
[INFO]   [GRADLE] > Task :module:copyReleaseJniLibsProjectAndLocalJars UP-TO-DATE
[INFO]   [GRADLE] > Task :module:extractReleaseAnnotations
[INFO]   [GRADLE] > Task :module:mergeReleaseGeneratedProguardFiles UP-TO-DATE
[INFO]   [GRADLE] > Task :module:mergeReleaseConsumerProguardFiles UP-TO-DATE
[INFO]   [GRADLE] > Task :module:mergeReleaseJavaResource UP-TO-DATE
[INFO]   [GRADLE] > Task :module:syncReleaseLibJars
[INFO]   [GRADLE] > Task :module:bundleReleaseAar
[INFO]   [GRADLE] > Task :module:compileReleaseSources
[INFO]   [GRADLE] > Task :module:assembleRelease
[INFO]   [GRADLE] 
[INFO]   [GRADLE] BUILD SUCCESSFUL in 3s
[INFO]   [GRADLE] 30 actionable tasks: 10 executed, 20 up-to-date
[INFO]   [GRADLE] 
[INFO]   [GRADLE] > Configure project :module
[INFO]   [GRADLE] WARNING: NDK was located by using ndk.dir property. This method is deprecated and will be removed in a future release. Please use android.ndkVersion or android.ndkPath in build.gradle to specify the NDK to use. https://developer.android.com/r/studio-ui/ndk-dir
[INFO]   [GRADLE] NDK was located by using ndk.dir property. This method is deprecated and will be removed in a future release. Please use android.ndkVersion or android.ndkPath in build.gradle to specify the NDK to use. https://developer.android.com/r/studio-ui/ndk-dir
[INFO]   [GRADLE] 
[INFO]   [GRADLE] > Task :module:generatePomFileForTitaniumPublicationPublication
[INFO]   [GRADLE] > Task :module:publishTitaniumPublicationPublicationToMavenRepository
[INFO]   [GRADLE] > Task :module:publish
[INFO]   [GRADLE] 
[INFO]   [GRADLE] Deprecated Gradle features were used in this build, making it incompatible with Gradle 7.0.
[INFO]   [GRADLE] Use '--warning-mode all' to show the individual deprecation warnings.
[INFO]   [GRADLE] See https://docs.gradle.org/6.7/userguide/command_line_interface.html#sec:command_line_warnings
[INFO]   [GRADLE] 
[INFO]   [GRADLE] BUILD SUCCESSFUL in 532ms
[INFO]   [GRADLE] 2 actionable tasks: 2 executed
[INFO]   Packaging the module
[INFO]   Creating module zip
[INFO]   Writing module zip: /home/miga/dev/ti.etracker/android/dist/ti.etracker-android-1.0.0.zip
[INFO]   Project built successfully in 5s 714ms
